\BOOKMARK [1][-]{section.1}{History}{}% 1
\BOOKMARK [1][-]{section.2}{Applications}{}% 2
\BOOKMARK [2][-]{subsection.2.1}{Consumer applications}{section.2}% 3
\BOOKMARK [3][-]{subsubsection.2.1.1}{Smart home}{subsection.2.1}% 4
\BOOKMARK [3][-]{subsubsection.2.1.2}{Elder care}{subsection.2.1}% 5
\BOOKMARK [2][-]{subsection.2.2}{Commercial application}{section.2}% 6
\BOOKMARK [3][-]{subsubsection.2.2.1}{Medical and healthcare}{subsection.2.2}% 7
\BOOKMARK [3][-]{subsubsection.2.2.2}{Transportation}{subsection.2.2}% 8
\BOOKMARK [2][-]{subsection.2.3}{Industrial applications}{section.2}% 9
\BOOKMARK [3][-]{subsubsection.2.3.1}{Manufacturing}{subsection.2.3}% 10
\BOOKMARK [3][-]{subsubsection.2.3.2}{Agriculture}{subsection.2.3}% 11
\BOOKMARK [1][-]{section.3}{Politics and civic engagemen}{}% 12
\BOOKMARK [1][-]{section.4}{Government regulation on IoT}{}% 13
\BOOKMARK [1][-]{section.5}{Criticism, problems and controversies}{}% 14
\BOOKMARK [2][-]{subsection.5.1}{Platform fragmentation}{section.5}% 15
\BOOKMARK [2][-]{subsection.5.2}{Privacy, autonomy, and control}{section.5}% 16
\BOOKMARK [2][-]{subsection.5.3}{Data storage}{section.5}% 17
\BOOKMARK [2][-]{subsection.5.4}{Security}{section.5}% 18
\BOOKMARK [2][-]{subsection.5.5}{Safety}{section.5}% 19
\BOOKMARK [2][-]{subsection.5.6}{Design}{section.5}% 20
\BOOKMARK [2][-]{subsection.5.7}{Environmental sustainability impact}{section.5}% 21
\BOOKMARK [2][-]{subsection.5.8}{Intentional obsolescence of devices}{section.5}% 22
\BOOKMARK [2][-]{subsection.5.9}{Confusing terminology}{section.5}% 23
\BOOKMARK [1][-]{section.6}{IoT adoption barriers}{}% 24
\BOOKMARK [2][-]{subsection.6.1}{Lack of interoperability and unclear value propositions}{section.6}% 25
\BOOKMARK [2][-]{subsection.6.2}{Privacy and security concerns}{section.6}% 26
\BOOKMARK [2][-]{subsection.6.3}{Traditional governance structure}{section.6}% 27
\BOOKMARK [2][-]{subsection.6.4}{Business planning and models}{section.6}% 28
