This is pdfTeX, Version 3.14159265-2.6-1.40.20 (TeX Live 2019/W32TeX) (preloaded format=pdflatex 2020.2.8)  18 SEP 2020 21:34
entering extended mode
 restricted \write18 enabled.
 %&-line parsing enabled.
**18ICTCSE011.tex
(./18ICTCSE011.tex
LaTeX2e <2020-02-02>
L3 programming layer <2020-02-03>
(c:/texlive/2019/texmf-dist/tex/latex/base/article.cls
Document Class: article 2019/12/20 v1.4l Standard LaTeX document class
(c:/texlive/2019/texmf-dist/tex/latex/base/size10.clo
File: size10.clo 2019/12/20 v1.4l Standard LaTeX file (size option)
)
\c@part=\count167
\c@section=\count168
\c@subsection=\count169
\c@subsubsection=\count170
\c@paragraph=\count171
\c@subparagraph=\count172
\c@figure=\count173
\c@table=\count174
\abovecaptionskip=\skip47
\belowcaptionskip=\skip48
\bibindent=\dimen134
)
(c:/texlive/2019/texmf-dist/tex/latex/geometry/geometry.sty
Package: geometry 2020/01/02 v5.9 Page Geometry

(c:/texlive/2019/texmf-dist/tex/latex/graphics/keyval.sty
Package: keyval 2014/10/28 v1.15 key=value parser (DPC)
\KV@toks@=\toks14
)
(c:/texlive/2019/texmf-dist/tex/generic/iftex/ifvtex.sty
Package: ifvtex 2019/10/25 v1.7 ifvtex legacy package. Use iftex instead.

(c:/texlive/2019/texmf-dist/tex/generic/iftex/iftex.sty
Package: iftex 2019/11/07 v1.0c TeX engine tests
))
\Gm@cnth=\count175
\Gm@cntv=\count176
\c@Gm@tempcnt=\count177
\Gm@bindingoffset=\dimen135
\Gm@wd@mp=\dimen136
\Gm@odd@mp=\dimen137
\Gm@even@mp=\dimen138
\Gm@layoutwidth=\dimen139
\Gm@layoutheight=\dimen140
\Gm@layouthoffset=\dimen141
\Gm@layoutvoffset=\dimen142
\Gm@dimlist=\toks15
)
(c:/texlive/2019/texmf-dist/tex/latex/graphics/graphics.sty
Package: graphics 2019/11/30 v1.4a Standard LaTeX Graphics (DPC,SPQR)

(c:/texlive/2019/texmf-dist/tex/latex/graphics/trig.sty
Package: trig 2016/01/03 v1.10 sin cos tan (DPC)
)
(c:/texlive/2019/texmf-dist/tex/latex/graphics-cfg/graphics.cfg
File: graphics.cfg 2016/06/04 v1.11 sample graphics configuration
)
Package graphics Info: Driver file: pdftex.def on input line 105.

(c:/texlive/2019/texmf-dist/tex/latex/graphics-def/pdftex.def
File: pdftex.def 2018/01/08 v1.0l Graphics/color driver for pdftex
))
(c:/texlive/2019/texmf-dist/tex/latex/l3backend/l3backend-pdfmode.def
File: l3backend-pdfmode.def 2020-02-03 L3 backend support: PDF mode
\l__kernel_color_stack_int=\count178
\l__pdf_internal_box=\box45
)
(./18ICTCSE011.aux)
\openout1 = `18ICTCSE011.aux'.

LaTeX Font Info:    Checking defaults for OML/cmm/m/it on input line 7.
LaTeX Font Info:    ... okay on input line 7.
LaTeX Font Info:    Checking defaults for OMS/cmsy/m/n on input line 7.
LaTeX Font Info:    ... okay on input line 7.
LaTeX Font Info:    Checking defaults for OT1/cmr/m/n on input line 7.
LaTeX Font Info:    ... okay on input line 7.
LaTeX Font Info:    Checking defaults for T1/cmr/m/n on input line 7.
LaTeX Font Info:    ... okay on input line 7.
LaTeX Font Info:    Checking defaults for TS1/cmr/m/n on input line 7.
LaTeX Font Info:    ... okay on input line 7.
LaTeX Font Info:    Checking defaults for OMX/cmex/m/n on input line 7.
LaTeX Font Info:    ... okay on input line 7.
LaTeX Font Info:    Checking defaults for U/cmr/m/n on input line 7.
LaTeX Font Info:    ... okay on input line 7.

*geometry* driver: auto-detecting
*geometry* detected driver: pdftex
*geometry* verbose mode - [ preamble ] result:
* driver: pdftex
* paper: a4paper
* layout: <same size as paper>
* layoutoffset:(h,v)=(0.0pt,0.0pt)
* modes: includefoot 
* h-part:(L,W,R)=(108.405pt, 416.83289pt, 72.26999pt)
* v-part:(T,H,B)=(72.26999pt, 700.50687pt, 72.26999pt)
* \paperwidth=597.50787pt
* \paperheight=845.04684pt
* \textwidth=416.83289pt
* \textheight=670.50687pt
* \oddsidemargin=36.13501pt
* \evensidemargin=36.13501pt
* \topmargin=-37.0pt
* \headheight=12.0pt
* \headsep=25.0pt
* \topskip=10.0pt
* \footskip=30.0pt
* \marginparwidth=57.0pt
* \marginparsep=11.0pt
* \columnsep=10.0pt
* \skip\footins=9.0pt plus 4.0pt minus 2.0pt
* \hoffset=0.0pt
* \voffset=0.0pt
* \mag=1000
* \@twocolumnfalse
* \@twosidefalse
* \@mparswitchfalse
* \@reversemarginfalse
* (1in=72.27pt=25.4mm, 1cm=28.453pt)

(c:/texlive/2019/texmf-dist/tex/context/base/mkii/supp-pdf.mkii
[Loading MPS to PDF converter (version 2006.09.02).]
\scratchcounter=\count179
\scratchdimen=\dimen143
\scratchbox=\box46
\nofMPsegments=\count180
\nofMParguments=\count181
\everyMPshowfont=\toks16
\MPscratchCnt=\count182
\MPscratchDim=\dimen144
\MPnumerator=\count183
\makeMPintoPDFobject=\count184
\everyMPtoPDFconversion=\toks17
) (c:/texlive/2019/texmf-dist/tex/latex/epstopdf-pkg/epstopdf-base.sty
Package: epstopdf-base 2020-01-24 v2.11 Base part for package epstopdf
Package epstopdf-base Info: Redefining graphics rule for `.eps' on input line 4
85.

(c:/texlive/2019/texmf-dist/tex/latex/latexconfig/epstopdf-sys.cfg
File: epstopdf-sys.cfg 2010/07/13 v1.3 Configuration of (r)epstopdf for TeX Liv
e
))
! Undefined control sequence.
l.12   \lhuge
             {\bfseries Operating System}\\
The control sequence at the end of the top line
of your error message was never \def'ed. If you have
misspelled it (e.g., `\hobx'), type `I' and the correct
spelling (e.g., `I\hbox'). Otherwise just continue,
and I'll forget about whatever was undefined.

[1

{c:/texlive/2019/texmf-var/fonts/map/pdftex/updmap/pdftex.map}]
<addk.jpg, id=9, 258.21469pt x 267.24844pt>
File: addk.jpg Graphic file (type jpg)
<use addk.jpg>
Package pdftex.def Info: addk.jpg  used on input line 41.
(pdftex.def)             Requested size: 258.21405pt x 267.24779pt.
 [1 <./addk.jpg>] (./18ICTCSE011.toc
LaTeX Font Info:    External font `cmex10' loaded for size
(Font)              <7> on input line 10.
LaTeX Font Info:    External font `cmex10' loaded for size
(Font)              <5> on input line 10.
)
\tf@toc=\write3
\openout3 = `18ICTCSE011.toc'.

 [2

]
<mg.jpg, id=18, 221.82875pt x 228.855pt>
File: mg.jpg Graphic file (type jpg)
<use mg.jpg>
Package pdftex.def Info: mg.jpg  used on input line 67.
(pdftex.def)             Requested size: 221.82819pt x 228.85443pt.
<pm.jpg, id=19, 259.97125pt x 194.7275pt>
File: pm.jpg Graphic file (type jpg)
<use pm.jpg>
Package pdftex.def Info: pm.jpg  used on input line 79.
(pdftex.def)             Requested size: 259.97061pt x 194.727pt.


LaTeX Warning: `h' float specifier changed to `ht'.

[1

 <./mg.jpg>]
<dm.jpg, id=25, 259.97125pt x 194.7275pt>
File: dm.jpg Graphic file (type jpg)
<use dm.jpg>
Package pdftex.def Info: dm.jpg  used on input line 95.
(pdftex.def)             Requested size: 259.97061pt x 194.727pt.
 [2 <./pm.jpg> <./dm.jpg>]
<fm.jpg, id=29, 259.97125pt x 194.7275pt>
File: fm.jpg Graphic file (type jpg)
<use fm.jpg>
Package pdftex.def Info: fm.jpg  used on input line 112.
(pdftex.def)             Requested size: 259.97061pt x 194.727pt.
 [3 <./fm.jpg>]
<batch.jpg, id=33, 409.53pt x 198.7425pt>
File: batch.jpg Graphic file (type jpg)
<use batch.jpg>
Package pdftex.def Info: batch.jpg  used on input line 137.
(pdftex.def)             Requested size: 409.52899pt x 198.742pt.
 [4 <./batch.jpg>]
[5] [6]
<pe.jpg, id=44, 166.6225pt x 305.14pt>
File: pe.jpg Graphic file (type jpg)
<use pe.jpg>
Package pdftex.def Info: pe.jpg  used on input line 207.
(pdftex.def)             Requested size: 166.62209pt x 305.13924pt.


LaTeX Warning: `h' float specifier changed to `ht'.

[7]
<io.jpg, id=48, 247.92625pt x 204.765pt>
File: io.jpg Graphic file (type jpg)
<use io.jpg>
Package pdftex.def Info: io.jpg  used on input line 220.
(pdftex.def)             Requested size: 247.92564pt x 204.76448pt.


LaTeX Warning: `h' float specifier changed to `ht'.

[8 <./pe.jpg>] [9 <./io.jpg>] [10]
<op.jpg, id=59, 219.82124pt x 230.8625pt>
File: op.jpg Graphic file (type jpg)
<use op.jpg>
Package pdftex.def Info: op.jpg  used on input line 271.
(pdftex.def)             Requested size: 219.8207pt x 230.86192pt.
 [11 <./op.jpg>] (./18ICTCSE011.aux) ) 
Here is how much of TeX's memory you used:
 1675 strings out of 481248
 23850 string characters out of 5922089
 263148 words of memory out of 5000000
 16964 multiletter control sequences out of 15000+600000
 535395 words of font info for 34 fonts, out of 8000000 for 9000
 1141 hyphenation exceptions out of 8191
 30i,6n,34p,892b,191s stack positions out of 5000i,500n,10000p,200000b,80000s
{c:/texlive/2019/texmf-dist/fonts/enc/dvi
ps/cm-super/cm-super-ts1.enc}<c:/texlive/2019/texmf-dist/fonts/type1/public/ams
fonts/cm/cmbx10.pfb><c:/texlive/2019/texmf-dist/fonts/type1/public/amsfonts/cm/
cmbx12.pfb><c:/texlive/2019/texmf-dist/fonts/type1/public/amsfonts/cm/cmcsc10.p
fb><c:/texlive/2019/texmf-dist/fonts/type1/public/amsfonts/cm/cmr10.pfb><c:/tex
live/2019/texmf-dist/fonts/type1/public/amsfonts/cm/cmr12.pfb><c:/texlive/2019/
texmf-dist/fonts/type1/public/amsfonts/cm/cmsy10.pfb><c:/texlive/2019/texmf-dis
t/fonts/type1/public/cm-super/sfrm1000.pfb>
Output written on 18ICTCSE011.pdf (14 pages, 221481 bytes).
PDF statistics:
 88 PDF objects out of 1000 (max. 8388607)
 55 compressed objects within 1 object stream
 0 named destinations out of 1000 (max. 500000)
 46 words of extra memory for PDF output out of 10000 (max. 10000000)

