This is pdfTeX, Version 3.14159265-2.6-1.40.20 (MiKTeX 2.9.7250 64-bit) (preloaded format=pdflatex 2020.2.6)  6 FEB 2020 15:08
entering extended mode
**"./Artificial intelligence.tex"
("Artificial intelligence.tex"
LaTeX2e <2019-10-01> patch level 3
("C:\Program Files\MiKTeX 2.9\tex/latex/base\article.cls"
Document Class: article 2019/10/25 v1.4k Standard LaTeX document class
("C:\Program Files\MiKTeX 2.9\tex/latex/base\size12.clo"
File: size12.clo 2019/10/25 v1.4k Standard LaTeX file (size option)
)
\c@part=\count80
\c@section=\count81
\c@subsection=\count82
\c@subsubsection=\count83
\c@paragraph=\count84
\c@subparagraph=\count85
\c@figure=\count86
\c@table=\count87
\abovecaptionskip=\skip41
\belowcaptionskip=\skip42
\bibindent=\dimen102
)
("C:\Program Files\MiKTeX 2.9\tex/latex/graphics\graphicx.sty"
Package: graphicx 2017/06/01 v1.1a Enhanced LaTeX Graphics (DPC,SPQR)

("C:\Program Files\MiKTeX 2.9\tex/latex/graphics\keyval.sty"
Package: keyval 2014/10/28 v1.15 key=value parser (DPC)
\KV@toks@=\toks14
)
("C:\Program Files\MiKTeX 2.9\tex/latex/graphics\graphics.sty"
Package: graphics 2019/11/01 v1.3d Standard LaTeX Graphics (DPC,SPQR)

("C:\Program Files\MiKTeX 2.9\tex/latex/graphics\trig.sty"
Package: trig 2016/01/03 v1.10 sin cos tan (DPC)
)
("C:\Program Files\MiKTeX 2.9\tex/latex/graphics-cfg\graphics.cfg"
File: graphics.cfg 2016/06/04 v1.11 sample graphics configuration
)
Package graphics Info: Driver file: pdftex.def on input line 105.

("C:\Program Files\MiKTeX 2.9\tex/latex/graphics-def\pdftex.def"
File: pdftex.def 2018/01/08 v1.0l Graphics/color driver for pdftex
))
\Gin@req@height=\dimen103
\Gin@req@width=\dimen104
)
("C:\Program Files\MiKTeX 2.9\tex/latex/wrapfig\wrapfig.sty"
\wrapoverhang=\dimen105
\WF@size=\dimen106
\c@WF@wrappedlines=\count88
\WF@box=\box27
\WF@everypar=\toks15
Package: wrapfig 2003/01/31  v 3.6
)
("C:\Program Files\MiKTeX 2.9\tex/latex/xcolor\xcolor.sty"
Package: xcolor 2016/05/11 v2.12 LaTeX color extensions (UK)

("C:\Program Files\MiKTeX 2.9\tex/latex/graphics-cfg\color.cfg"
File: color.cfg 2016/01/02 v1.6 sample color configuration
)
Package xcolor Info: Driver file: pdftex.def on input line 225.
Package xcolor Info: Model `cmy' substituted by `cmy0' on input line 1348.
Package xcolor Info: Model `hsb' substituted by `rgb' on input line 1352.
Package xcolor Info: Model `RGB' extended on input line 1364.
Package xcolor Info: Model `HTML' substituted by `rgb' on input line 1366.
Package xcolor Info: Model `Hsb' substituted by `hsb' on input line 1367.
Package xcolor Info: Model `tHsb' substituted by `hsb' on input line 1368.
Package xcolor Info: Model `HSB' substituted by `hsb' on input line 1369.
Package xcolor Info: Model `Gray' substituted by `gray' on input line 1370.
Package xcolor Info: Model `wave' substituted by `hsb' on input line 1371.
)
("Artificial intelligence.aux")
\openout1 = `"Artificial intelligence.aux"'.

LaTeX Font Info:    Checking defaults for OML/cmm/m/it on input line 7.
LaTeX Font Info:    ... okay on input line 7.
LaTeX Font Info:    Checking defaults for T1/cmr/m/n on input line 7.
LaTeX Font Info:    ... okay on input line 7.
LaTeX Font Info:    Checking defaults for OT1/cmr/m/n on input line 7.
LaTeX Font Info:    ... okay on input line 7.
LaTeX Font Info:    Checking defaults for OMS/cmsy/m/n on input line 7.
LaTeX Font Info:    ... okay on input line 7.
LaTeX Font Info:    Checking defaults for OMX/cmex/m/n on input line 7.
LaTeX Font Info:    ... okay on input line 7.
LaTeX Font Info:    Checking defaults for U/cmr/m/n on input line 7.
LaTeX Font Info:    ... okay on input line 7.

("C:\Program Files\MiKTeX 2.9\tex/context/base/mkii\supp-pdf.mkii"
[Loading MPS to PDF converter (version 2006.09.02).]
\scratchcounter=\count89
\scratchdimen=\dimen107
\scratchbox=\box28
\nofMPsegments=\count90
\nofMParguments=\count91
\everyMPshowfont=\toks16
\MPscratchCnt=\count92
\MPscratchDim=\dimen108
\MPnumerator=\count93
\makeMPintoPDFobject=\count94
\everyMPtoPDFconversion=\toks17
) ("C:\Program Files\MiKTeX 2.9\tex/latex/epstopdf-pkg\epstopdf-base.sty"
Package: epstopdf-base 2019/11/24 v2.7 Base part for package epstopdf

("C:\Program Files\MiKTeX 2.9\tex/generic/oberdiek\infwarerr.sty"
Package: infwarerr 2016/05/16 v1.4 Providing info/warning/error messages (HO)
)
("C:\Program Files\MiKTeX 2.9\tex/latex/oberdiek\grfext.sty"
Package: grfext 2016/05/16 v1.2 Manage graphics extensions (HO)

("C:\Program Files\MiKTeX 2.9\tex/generic/oberdiek\kvdefinekeys.sty"
Package: kvdefinekeys 2016/05/16 v1.4 Define keys (HO)

("C:\Program Files\MiKTeX 2.9\tex/generic/oberdiek\ltxcmds.sty"
Package: ltxcmds 2016/05/16 v1.23 LaTeX kernel commands for general use (HO)
)))
("C:\Program Files\MiKTeX 2.9\tex/latex/oberdiek\kvoptions.sty"
Package: kvoptions 2016/05/16 v3.12 Key value format for package options (HO)

("C:\Program Files\MiKTeX 2.9\tex/generic/oberdiek\kvsetkeys.sty"
Package: kvsetkeys 2016/05/16 v1.17 Key value parser (HO)

("C:\Program Files\MiKTeX 2.9\tex/generic/oberdiek\etexcmds.sty"
Package: etexcmds 2016/05/16 v1.6 Avoid name clashes with e-TeX commands (HO)

("C:\Program Files\MiKTeX 2.9\tex/generic/iftex\ifluatex.sty"
Package: ifluatex 2019/10/25 v1.5 ifluatex legacy package. Use iftex instead.

("C:\Program Files\MiKTeX 2.9\tex/generic/iftex\iftex.sty"
Package: iftex 2019/11/07 v1.0c TeX engine tests
)))))
("C:\Program Files\MiKTeX 2.9\tex/latex/pdftexcmds\pdftexcmds.sty"
Package: pdftexcmds 2019/11/24 v0.31 Utility functions of pdfTeX for LuaTeX (HO
)
Package pdftexcmds Info: \pdf@primitive is available.
Package pdftexcmds Info: \pdf@ifprimitive is available.
Package pdftexcmds Info: \pdfdraftmode found.
)
Package epstopdf-base Info: Redefining graphics rule for `.eps' on input line 4
42.
Package grfext Info: Graphics extension search list:
(grfext)             [.pdf,.png,.jpg,.mps,.jpeg,.jbig2,.jb2,.PDF,.PNG,.JPG,.JPE
G,.JBIG2,.JB2,.eps]
(grfext)             \AppendGraphicsExtensions on input line 460.
)
\GPT@outputbox=\box29
<10422078_1548897991993911_1856738101730602681_n.jpg, id=1, 287.0725pt x 287.07
25pt>
File: 10422078_1548897991993911_1856738101730602681_n.jpg Graphic file (type jp
g)
<use 10422078_1548897991993911_1856738101730602681_n.jpg>
Package pdftex.def Info: 10422078_1548897991993911_1856738101730602681_n.jpg  u
sed on input line 18.
(pdftex.def)             Requested size: 100.37537pt x 100.37175pt.


LaTeX Font Warning: Font shape `OT1/cmr/bx/sc' undefined
(Font)              using `OT1/cmr/bx/n' instead on input line 19.

LaTeX Font Info:    External font `cmex10' loaded for size
(Font)              <12> on input line 31.
LaTeX Font Info:    External font `cmex10' loaded for size
(Font)              <8> on input line 31.
LaTeX Font Info:    External font `cmex10' loaded for size
(Font)              <6> on input line 31.

Underfull \hbox (badness 10000) in paragraph at lines 22--40

 []

[1

{C:/Users/Sumon Roy/AppData/Local/MiKTeX/2.9/pdftex/config/pdftex.map} <./10422
078_1548897991993911_1856738101730602681_n.jpg>]
Underfull \hbox (badness 10000) in paragraph at lines 71--72

 []


Underfull \hbox (badness 10000) in paragraph at lines 71--72

 []


Underfull \hbox (badness 10000) in paragraph at lines 71--72

 []


Underfull \hbox (badness 10000) in paragraph at lines 71--72

 []


Underfull \hbox (badness 10000) in paragraph at lines 71--72

 []


Underfull \hbox (badness 10000) in paragraph at lines 71--72

 []


Underfull \hbox (badness 10000) in paragraph at lines 71--72

 []


Underfull \hbox (badness 10000) in paragraph at lines 71--72

 []


Underfull \hbox (badness 10000) in paragraph at lines 71--72

 []


Underfull \hbox (badness 10000) in paragraph at lines 71--72

 []


Underfull \hbox (badness 10000) in paragraph at lines 71--72

 []

[1]
Underfull \hbox (badness 10000) in paragraph at lines 78--80

 []


Overfull \hbox (4.63481pt too wide) in paragraph at lines 81--82
[][][]\OT1/cmr/bx/n/24.88 C[]\OT1/cmr/m/n/12 omputer sci-ence de-fines AI re-se
arch as the study of "in-tel-li-gent agents":
 []


Underfull \hbox (badness 10000) in paragraph at lines 81--82

 []


Underfull \hbox (badness 10000) in paragraph at lines 81--82

 []

<1-thCB4VzqsRapqFCHC8w7EQ.jpeg, id=13, 1606.0pt x 893.3375pt>
File: 1-thCB4VzqsRapqFCHC8w7EQ.jpeg Graphic file (type jpg)
<use 1-thCB4VzqsRapqFCHC8w7EQ.jpeg>
Package pdftex.def Info: 1-thCB4VzqsRapqFCHC8w7EQ.jpeg  used on input line 85.
(pdftex.def)             Requested size: 305.14317pt x 169.73589pt.

Underfull \hbox (badness 10000) in paragraph at lines 90--92

 []


Underfull \hbox (badness 10000) in paragraph at lines 94--95

 []


Underfull \hbox (badness 10000) in paragraph at lines 94--95

 []

[2 <./1-thCB4VzqsRapqFCHC8w7EQ.jpeg>]
Underfull \hbox (badness 10000) in paragraph at lines 98--101

 []


Underfull \hbox (badness 10000) in paragraph at lines 98--101

 []

<AI-Paradigm-Need-For-AI-GoodWorkLabs.jpg, id=17, 642.4pt x 405.515pt>
File: AI-Paradigm-Need-For-AI-GoodWorkLabs.jpg Graphic file (type jpg)
<use AI-Paradigm-Need-For-AI-GoodWorkLabs.jpg>
Package pdftex.def Info: AI-Paradigm-Need-For-AI-GoodWorkLabs.jpg  used on inpu
t line 109.
(pdftex.def)             Requested size: 209.58255pt x 132.29819pt.

Underfull \hbox (badness 7540) in paragraph at lines 113--114
\OT1/cmr/m/n/12 AI sys-tems are purely re-
 []


Underfull \hbox (badness 6204) in paragraph at lines 113--114
\OT1/cmr/m/n/12 ac-tive, and have the abil-
 []


Underfull \hbox (badness 5091) in paragraph at lines 113--114
\OT1/cmr/m/n/12 ity nei-ther to form mem-o-
 []


Underfull \hbox (badness 1715) in paragraph at lines 113--114
\OT1/cmr/m/n/12 ries nor to use past ex-pe-ri-
 []


Underfull \hbox (badness 4217) in paragraph at lines 113--114
\OT1/cmr/m/n/12 beat in-ter-na-tional grand-mas-
 []


Underfull \hbox (badness 4686) in paragraph at lines 113--114
\OT1/cmr/m/n/12 ter Garry Kas-parov in the
 []


Underfull \hbox (badness 3780) in paragraph at lines 113--114
\OT1/cmr/m/n/12 am-ple of this type of ma-
 []


Underfull \hbox (badness 10000) in paragraph at lines 113--114

 []


Underfull \hbox (badness 10000) in paragraph at lines 113--114

 []


Underfull \hbox (badness 10000) in paragraph at lines 116--118

 []

[3 <./AI-Paradigm-Need-For-AI-GoodWorkLabs.jpg>]
<5-Limited-Memory-Artificial-Intelligence.png, id=21, 748.7975pt x 436.63126pt>

File: 5-Limited-Memory-Artificial-Intelligence.png Graphic file (type png)
<use 5-Limited-Memory-Artificial-Intelligence.png>
Package pdftex.def Info: 5-Limited-Memory-Artificial-Intelligence.png  used on 
input line 126.
(pdftex.def)             Requested size: 216.81pt x 126.41994pt.

Underfull \hbox (badness 3138) in paragraph at lines 130--131
\OT1/cmr/m/n/12 com-ings by let-ting the ma-
 []


Underfull \hbox (badness 10000) in paragraph at lines 130--131

 []


Underfull \hbox (badness 10000) in paragraph at lines 133--135

 []


Underfull \hbox (badness 10000) in paragraph at lines 139--140

 []


Underfull \hbox (badness 10000) in paragraph at lines 139--140

 []

[4 <./5-Limited-Memory-Artificial-Intelligence.png>]
Underfull \hbox (badness 10000) in paragraph at lines 142--144

 []

<self_aware_AI_26_Sept_2019.5d8d059954337.png, id=26, 501.875pt x 282.05376pt>
File: self_aware_AI_26_Sept_2019.5d8d059954337.png Graphic file (type png)
<use self_aware_AI_26_Sept_2019.5d8d059954337.png>
Package pdftex.def Info: self_aware_AI_26_Sept_2019.5d8d059954337.png  used on 
input line 149.
(pdftex.def)             Requested size: 216.81pt x 121.84885pt.

Underfull \hbox (badness 10000) in paragraph at lines 154--155

 []


Underfull \hbox (badness 10000) in paragraph at lines 154--155

 []

[5 <./self_aware_AI_26_Sept_2019.5d8d059954337.png>]
Underfull \hbox (badness 10000) in paragraph at lines 157--160

 []


Underfull \hbox (badness 10000) in paragraph at lines 162--164

 []

<Best-Practices-for-Integrating-AI-in-Mobile-App-Development-1.png, id=32, 578.
91281pt x 335.00156pt>
File: Best-Practices-for-Integrating-AI-in-Mobile-App-Development-1.png Graphic
 file (type png)
<use Best-Practices-for-Integrating-AI-in-Mobile-App-Development-1.png>
Package pdftex.def Info: Best-Practices-for-Integrating-AI-in-Mobile-App-Develo
pment-1.png  used on input line 167.
(pdftex.def)             Requested size: 216.81pt x 125.46169pt.

Underfull \hbox (badness 5147) in paragraph at lines 171--172
\OT1/cmr/m/n/12 smart-phones, with big chip
 []


Underfull \hbox (badness 1097) in paragraph at lines 171--172
\OT1/cmr/m/n/12 comm and Huawei pro-duc-ing
 []


Underfull \hbox (badness 1789) in paragraph at lines 171--172
\OT1/cmr/m/n/12 chips with built-in AI ca-pa-
 []


Underfull \hbox (badness 1953) in paragraph at lines 171--172
\OT1/cmr/m/n/12 bil-i-ties. AI in-te-gra-tion can
 []


Underfull \hbox (badness 3612) in paragraph at lines 171--172
\OT1/cmr/m/n/12 help bring fea-tures such as
 []


Underfull \hbox (badness 1210) in paragraph at lines 171--172
\OT1/cmr/m/n/12 scene recog-ni-tion, mixed and
 []


Underfull \hbox (badness 2334) in paragraph at lines 171--172
\OT1/cmr/m/n/12 vir-tual re-al-ity el-e-ments, and
 []


Underfull \hbox (badness 10000) in paragraph at lines 171--172

 []


Underfull \hbox (badness 10000) in paragraph at lines 174--176

 []


Underfull \hbox (badness 10000) in paragraph at lines 178--179

 []


Underfull \hbox (badness 10000) in paragraph at lines 178--179

 []


Underfull \hbox (badness 10000) in paragraph at lines 178--179

 []


Underfull \hbox (badness 10000) in paragraph at lines 178--179

 []


Underfull \hbox (badness 10000) in paragraph at lines 178--179

 []


Underfull \hbox (badness 10000) in paragraph at lines 178--179

 []


Underfull \hbox (badness 10000) in paragraph at lines 178--179

 []


Underfull \hbox (badness 10000) in paragraph at lines 178--179

 []


Underfull \hbox (badness 10000) in paragraph at lines 178--179

 []


Underfull \hbox (badness 10000) in paragraph at lines 178--179

 []


Underfull \hbox (badness 10000) in paragraph at lines 178--179

 []

[6 <./Best-Practices-for-Integrating-AI-in-Mobile-App-Development-1.png>]
<AI-Social-Media-800x470.jpg, id=38, 803.0pt x 471.7625pt>
File: AI-Social-Media-800x470.jpg Graphic file (type jpg)
<use AI-Social-Media-800x470.jpg>
Package pdftex.def Info: AI-Social-Media-800x470.jpg  used on input line 186.
(pdftex.def)             Requested size: 209.58255pt x 123.13045pt.

Underfull \hbox (badness 10000) in paragraph at lines 182--189

 []


Underfull \hbox (badness 10000) in paragraph at lines 189--191

 []


Underfull \hbox (badness 10000) in paragraph at lines 189--191

 []


Underfull \hbox (badness 10000) in paragraph at lines 194--196

 []


Underfull \hbox (badness 10000) in paragraph at lines 197--198

 []


Underfull \hbox (badness 10000) in paragraph at lines 197--198

 []


Underfull \hbox (badness 10000) in paragraph at lines 197--198

 []


Underfull \hbox (badness 10000) in paragraph at lines 197--198

 []


Underfull \hbox (badness 10000) in paragraph at lines 197--198

 []


Underfull \hbox (badness 10000) in paragraph at lines 197--198

 []


Underfull \hbox (badness 10000) in paragraph at lines 197--198

 []


Underfull \hbox (badness 10000) in paragraph at lines 197--198

 []


Underfull \hbox (badness 10000) in paragraph at lines 197--198

 []


Underfull \hbox (badness 10000) in paragraph at lines 197--198

 []


Underfull \hbox (badness 10000) in paragraph at lines 197--198

 []

[7 <./AI-Social-Media-800x470.jpg>]
<myths-1.jpg, id=42, 411.4572pt x 634.2897pt>
File: myths-1.jpg Graphic file (type jpg)
<use myths-1.jpg>
Package pdftex.def Info: myths-1.jpg  used on input line 206.
(pdftex.def)             Requested size: 209.58255pt x 323.08665pt.

Underfull \hbox (badness 10000) in paragraph at lines 202--209

 []


Underfull \hbox (badness 2941) in paragraph at lines 212--213
[][][]\OT1/cmr/bx/n/24.88 A[] \OT1/cmr/m/n/12 cap-ti-vat-ing con-ver-sa-
 []


Underfull \hbox (badness 1237) in paragraph at lines 212--213
\OT1/cmr/m/n/12 such as: AI's fu-ture im-pact
 []


Underfull \hbox (badness 2050) in paragraph at lines 212--213
\OT1/cmr/m/n/12 on the job mar-ket; if/when
 []


Underfull \hbox (badness 4608) in paragraph at lines 212--213
\OT1/cmr/m/n/12 caused by peo-ple mis-un-der-
 []


Underfull \hbox (badness 10000) in paragraph at lines 212--213

 []


Underfull \hbox (badness 10000) in paragraph at lines 212--213

 []


Underfull \hbox (badness 10000) in paragraph at lines 212--213

 []


Underfull \hbox (badness 10000) in paragraph at lines 212--213

 []


Underfull \hbox (badness 10000) in paragraph at lines 212--213

 []


Underfull \hbox (badness 10000) in paragraph at lines 212--213

 []


Underfull \hbox (badness 10000) in paragraph at lines 212--213

 []


Underfull \hbox (badness 10000) in paragraph at lines 212--213

 []

[8 <./myths-1.jpg>]
Underfull \hbox (badness 10000) in paragraph at lines 215--217

 []


Underfull \hbox (badness 10000) in paragraph at lines 218--219

 []


Underfull \hbox (badness 10000) in paragraph at lines 221--223

 []

<FS.Covers.Dec2018-Jan2019-2-2.jpg, id=46, 1204.5pt x 630.355pt>
File: FS.Covers.Dec2018-Jan2019-2-2.jpg Graphic file (type jpg)
<use FS.Covers.Dec2018-Jan2019-2-2.jpg>
Package pdftex.def Info: FS.Covers.Dec2018-Jan2019-2-2.jpg  used on input line 
226.
(pdftex.def)             Requested size: 209.58255pt x 109.67896pt.

Underfull \hbox (badness 1655) in paragraph at lines 232--233
\OT1/cmr/m/n/12 a Robot cre-ated by a team
 []


Underfull \hbox (badness 1424) in paragraph at lines 232--233
\OT1/cmr/m/n/12 of sci-en-tists at the Uni-ver-si-
 []


Underfull \hbox (badness 2050) in paragraph at lines 232--233
\OT1/cmr/m/n/12 ties of Manch-ester, Aberys-t-
 []


Underfull \hbox (badness 10000) in paragraph at lines 232--233

 []


Underfull \hbox (badness 10000) in paragraph at lines 232--233

 []


Underfull \hbox (badness 10000) in paragraph at lines 232--233

 []


Underfull \hbox (badness 10000) in paragraph at lines 232--233

 []


Underfull \hbox (badness 10000) in paragraph at lines 232--233

 []


Underfull \hbox (badness 10000) in paragraph at lines 232--233

 []


Underfull \hbox (badness 10000) in paragraph at lines 232--233

 []


Underfull \hbox (badness 10000) in paragraph at lines 232--233

 []


Underfull \hbox (badness 10000) in paragraph at lines 232--233

 []


Underfull \hbox (badness 10000) in paragraph at lines 232--233

 []


Underfull \hbox (badness 10000) in paragraph at lines 232--233

 []

[9 <./FS.Covers.Dec2018-Jan2019-2-2.jpg>]
Underfull \hbox (badness 10000) in paragraph at lines 235--237

 []

<rgOcI1557207528-770x439_c.png, id=50, 772.8875pt x 440.64626pt>
File: rgOcI1557207528-770x439_c.png Graphic file (type png)
<use rgOcI1557207528-770x439_c.png>
Package pdftex.def Info: rgOcI1557207528-770x439_c.png  used on input line 240.

(pdftex.def)             Requested size: 209.58255pt x 119.48708pt.

Underfull \hbox (badness 1292) in paragraph at lines 245--246
\OT1/cmr/m/n/12 sue that has been es-ca-lat-ing
 []


Underfull \hbox (badness 10000) in paragraph at lines 245--246

 []


Underfull \hbox (badness 10000) in paragraph at lines 245--246

 []


Underfull \hbox (badness 10000) in paragraph at lines 245--246

 []

[10 <./rgOcI1557207528-770x439_c.png>]
Underfull \hbox (badness 10000) in paragraph at lines 248--250

 []

<russia-startup-facial-recognition-ethnicity.jpg, id=55, 1204.5pt x 801.99625pt
>
File: russia-startup-facial-recognition-ethnicity.jpg Graphic file (type jpg)
<use russia-startup-facial-recognition-ethnicity.jpg>
Package pdftex.def Info: russia-startup-facial-recognition-ethnicity.jpg  used 
on input line 253.
(pdftex.def)             Requested size: 209.58255pt x 139.54376pt.

Underfull \hbox (badness 2134) in paragraph at lines 259--260
\OT1/cmr/m/n/12 with face recog-ni-tion fea-ture
 []


Underfull \hbox (badness 10000) in paragraph at lines 259--260

 []


Underfull \hbox (badness 10000) in paragraph at lines 262--265

 []

[11 <./russia-startup-facial-recognition-ethnicity.jpg>]
Underfull \hbox (badness 10000) in paragraph at lines 267--269

 []

<d1acc567-5be1-4738-9b8e-663b8d182bfa.jpeg, id=59, 1204.5pt x 630.355pt>
File: d1acc567-5be1-4738-9b8e-663b8d182bfa.jpeg Graphic file (type jpg)
<use d1acc567-5be1-4738-9b8e-663b8d182bfa.jpeg>
Package pdftex.def Info: d1acc567-5be1-4738-9b8e-663b8d182bfa.jpeg  used on inp
ut line 272.
(pdftex.def)             Requested size: 209.58255pt x 109.67896pt.

Underfull \hbox (badness 3417) in paragraph at lines 276--277
\OT1/cmr/m/n/12 for safety pur-poses. With
 []


Underfull \hbox (badness 10000) in paragraph at lines 276--277

 []

[12 <./d1acc567-5be1-4738-9b8e-663b8d182bfa.jpeg>] ("Artificial intelligence.au
x")

LaTeX Font Warning: Some font shapes were not available, defaults substituted.

 ) 
Here is how much of TeX's memory you used:
 2161 strings out of 492484
 31799 string characters out of 3131038
 99614 words of memory out of 3000000
 6495 multiletter control sequences out of 15000+200000
 10145 words of font info for 35 fonts, out of 3000000 for 9000
 1141 hyphenation exceptions out of 8191
 55i,7n,37p,1203b,253s stack positions out of 5000i,500n,10000p,200000b,50000s
<C:/Program Files/MiKTeX 2.9/fonts/type1/public/amsfonts/cm/cmbx12.pfb><C:/Pr
ogram Files/MiKTeX 2.9/fonts/type1/public/amsfonts/cm/cmcsc10.pfb><C:/Program F
iles/MiKTeX 2.9/fonts/type1/public/amsfonts/cm/cmr12.pfb><C:/Program Files/MiKT
eX 2.9/fonts/type1/public/amsfonts/cm/cmti12.pfb>
Output written on "Artificial intelligence.pdf" (13 pages, 2815987 bytes).
PDF statistics:
 78 PDF objects out of 1000 (max. 8388607)
 0 named destinations out of 1000 (max. 500000)
 61 words of extra memory for PDF output out of 10000 (max. 10000000)

