This is pdfTeX, Version 3.14159265-2.6-1.40.20 (TeX Live 2019/W32TeX) (preloaded format=pdflatex 2020.2.8)  18 SEP 2020 21:57
entering extended mode
 restricted \write18 enabled.
 %&-line parsing enabled.
**reportlatex.tex
(./reportlatex.tex
LaTeX2e <2020-02-02>
L3 programming layer <2020-02-03>
(c:/texlive/2019/texmf-dist/tex/latex/base/article.cls
Document Class: article 2019/12/20 v1.4l Standard LaTeX document class
(c:/texlive/2019/texmf-dist/tex/latex/base/size10.clo
File: size10.clo 2019/12/20 v1.4l Standard LaTeX file (size option)
)
\c@part=\count167
\c@section=\count168
\c@subsection=\count169
\c@subsubsection=\count170
\c@paragraph=\count171
\c@subparagraph=\count172
\c@figure=\count173
\c@table=\count174
\abovecaptionskip=\skip47
\belowcaptionskip=\skip48
\bibindent=\dimen134
)
(c:/texlive/2019/texmf-dist/tex/latex/graphics/graphicx.sty
Package: graphicx 2019/11/30 v1.2a Enhanced LaTeX Graphics (DPC,SPQR)

(c:/texlive/2019/texmf-dist/tex/latex/graphics/keyval.sty
Package: keyval 2014/10/28 v1.15 key=value parser (DPC)
\KV@toks@=\toks14
)
(c:/texlive/2019/texmf-dist/tex/latex/graphics/graphics.sty
Package: graphics 2019/11/30 v1.4a Standard LaTeX Graphics (DPC,SPQR)

(c:/texlive/2019/texmf-dist/tex/latex/graphics/trig.sty
Package: trig 2016/01/03 v1.10 sin cos tan (DPC)
)
(c:/texlive/2019/texmf-dist/tex/latex/graphics-cfg/graphics.cfg
File: graphics.cfg 2016/06/04 v1.11 sample graphics configuration
)
Package graphics Info: Driver file: pdftex.def on input line 105.

(c:/texlive/2019/texmf-dist/tex/latex/graphics-def/pdftex.def
File: pdftex.def 2018/01/08 v1.0l Graphics/color driver for pdftex
))
\Gin@req@height=\dimen135
\Gin@req@width=\dimen136
)
(c:/texlive/2019/texmf-dist/tex/latex/float/float.sty
Package: float 2001/11/08 v1.3d Float enhancements (AL)
\c@float@type=\count175
\float@exts=\toks15
\float@box=\box45
\@float@everytoks=\toks16
\@floatcapt=\box46
)
(c:/texlive/2019/texmf-dist/tex/latex/l3backend/l3backend-pdfmode.def
File: l3backend-pdfmode.def 2020-02-03 L3 backend support: PDF mode
\l__kernel_color_stack_int=\count176
\l__pdf_internal_box=\box47
)
(./reportlatex.aux)
\openout1 = `reportlatex.aux'.

LaTeX Font Info:    Checking defaults for OML/cmm/m/it on input line 4.
LaTeX Font Info:    ... okay on input line 4.
LaTeX Font Info:    Checking defaults for OMS/cmsy/m/n on input line 4.
LaTeX Font Info:    ... okay on input line 4.
LaTeX Font Info:    Checking defaults for OT1/cmr/m/n on input line 4.
LaTeX Font Info:    ... okay on input line 4.
LaTeX Font Info:    Checking defaults for T1/cmr/m/n on input line 4.
LaTeX Font Info:    ... okay on input line 4.
LaTeX Font Info:    Checking defaults for TS1/cmr/m/n on input line 4.
LaTeX Font Info:    ... okay on input line 4.
LaTeX Font Info:    Checking defaults for OMX/cmex/m/n on input line 4.
LaTeX Font Info:    ... okay on input line 4.
LaTeX Font Info:    Checking defaults for U/cmr/m/n on input line 4.
LaTeX Font Info:    ... okay on input line 4.

(c:/texlive/2019/texmf-dist/tex/context/base/mkii/supp-pdf.mkii
[Loading MPS to PDF converter (version 2006.09.02).]
\scratchcounter=\count177
\scratchdimen=\dimen137
\scratchbox=\box48
\nofMPsegments=\count178
\nofMParguments=\count179
\everyMPshowfont=\toks17
\MPscratchCnt=\count180
\MPscratchDim=\dimen138
\MPnumerator=\count181
\makeMPintoPDFobject=\count182
\everyMPtoPDFconversion=\toks18
) (c:/texlive/2019/texmf-dist/tex/latex/epstopdf-pkg/epstopdf-base.sty
Package: epstopdf-base 2020-01-24 v2.11 Base part for package epstopdf
Package epstopdf-base Info: Redefining graphics rule for `.eps' on input line 4
85.

(c:/texlive/2019/texmf-dist/tex/latex/latexconfig/epstopdf-sys.cfg
File: epstopdf-sys.cfg 2010/07/13 v1.3 Configuration of (r)epstopdf for TeX Liv
e
))
Overfull \hbox (55.0pt too wide) in paragraph at lines 9--9
 []| 
 []

[1

{c:/texlive/2019/texmf-var/fonts/map/pdftex/updmap/pdftex.map}]
(./reportlatex.toc
LaTeX Font Info:    External font `cmex10' loaded for size
(Font)              <7> on input line 6.
LaTeX Font Info:    External font `cmex10' loaded for size
(Font)              <5> on input line 6.
)
\tf@toc=\write3
\openout3 = `reportlatex.toc'.

 [1]

LaTeX Warning: File `E:/18ICTCSE039 report/math.jpg' not found on input line 31
.


! Package pdftex.def Error: File `E:/18ICTCSE039 report/math.jpg' not found: us
ing draft setting.

See the pdftex.def package documentation for explanation.
Type  H <return>  for immediate help.
 ...                                              
                                                  
l.31 ...ght=2.5in]{E:/18ICTCSE039 report/math.jpg}
                                                  
Try typing  <return>  to proceed.
If that doesn't work, type  X <return>  to quit.


Underfull \hbox (badness 10000) in paragraph at lines 35--37

 []


Overfull \hbox (5.72293pt too wide) in paragraph at lines 38--42
\OT1/cmr/m/n/10 Several civ-i-liza-tions | in China, In-dia, Egypt, Cen-tral Am
er-ica and Mesopotamia
 []


Underfull \hbox (badness 10000) in paragraph at lines 38--42

 []


Underfull \hbox (badness 10000) in paragraph at lines 38--42

 []


Underfull \hbox (badness 10000) in paragraph at lines 38--42

 []

[1

]
Underfull \hbox (badness 10000) in paragraph at lines 43--44

 []


Underfull \hbox (badness 10000) in paragraph at lines 43--44

 []


Underfull \hbox (badness 10000) in paragraph at lines 45--46

 []


Underfull \hbox (badness 10000) in paragraph at lines 45--46

 []


Underfull \hbox (badness 10000) in paragraph at lines 47--48

 []


Underfull \hbox (badness 10000) in paragraph at lines 47--48

 []

[2]
Underfull \hbox (badness 10000) in paragraph at lines 49--50

 []


Underfull \hbox (badness 10000) in paragraph at lines 49--50

 []

[3]

LaTeX Warning: File `E:/18ICTCSE039 report/algebra.jpg' not found on input line
 55.


! Package pdftex.def Error: File `E:/18ICTCSE039 report/algebra.jpg' not found:
 using draft setting.

See the pdftex.def package documentation for explanation.
Type  H <return>  for immediate help.
 ...                                              
                                                  
l.55 ...=2.5in]{E:/18ICTCSE039 report/algebra.jpg}
                                                  
Try typing  <return>  to proceed.
If that doesn't work, type  X <return>  to quit.


Underfull \hbox (badness 10000) in paragraph at lines 58--63

 []


Underfull \hbox (badness 10000) in paragraph at lines 58--63

 []

[4]

LaTeX Warning: File `E:/18ICTCSE039 report/trigonometry.jpg' not found on input
 line 69.


! Package pdftex.def Error: File `E:/18ICTCSE039 report/trigonometry.jpg' not f
ound: using draft setting.

See the pdftex.def package documentation for explanation.
Type  H <return>  for immediate help.
 ...                                              
                                                  
l.69 ...n]{E:/18ICTCSE039 report/trigonometry.jpg}
                                                  
Try typing  <return>  to proceed.
If that doesn't work, type  X <return>  to quit.


Underfull \hbox (badness 10000) in paragraph at lines 73--76

 []


! Package inputenc Error: Unicode character Δ (U+0394)
(inputenc)                not set up for use with LaTeX.

See the inputenc package documentation for explanation.
Type  H <return>  for immediate help.
 ...                                              
                                                  
l.79 ...n in this figure is commonly denoted as Δ
                                                  ABC. a, b, c are three sid...

You may provide a definition with
\DeclareUnicodeCharacter 


LaTeX Warning: File `E:/18ICTCSE039 report/triangle.png' not found on input lin
e 81.


! Package pdftex.def Error: File `E:/18ICTCSE039 report/triangle.png' not found
: using draft setting.

See the pdftex.def package documentation for explanation.
Type  H <return>  for immediate help.
 ...                                              
                                                  
l.81 ...2.5in]{E:/18ICTCSE039 report/triangle.png}
                                                  
Try typing  <return>  to proceed.
If that doesn't work, type  X <return>  to quit.


Underfull \hbox (badness 10000) in paragraph at lines 77--82

 []

[5]
Underfull \hbox (badness 10000) in paragraph at lines 83--84

 []


LaTeX Warning: File `E:/18ICTCSE039 report/equilateral.png' not found on input 
line 87.


! Package pdftex.def Error: File `E:/18ICTCSE039 report/equilateral.png' not fo
und: using draft setting.

See the pdftex.def package documentation for explanation.
Type  H <return>  for immediate help.
 ...                                              
                                                  
l.87 ...in]{E:/18ICTCSE039 report/equilateral.png}
                                                  
Try typing  <return>  to proceed.
If that doesn't work, type  X <return>  to quit.


LaTeX Warning: File `E:/18ICTCSE039 report/isosceles.png' not found on input li
ne 88.


! Package pdftex.def Error: File `E:/18ICTCSE039 report/isosceles.png' not foun
d: using draft setting.

See the pdftex.def package documentation for explanation.
Type  H <return>  for immediate help.
 ...                                              
                                                  
l.88 ....5in]{E:/18ICTCSE039 report/isosceles.png}
                                                  
Try typing  <return>  to proceed.
If that doesn't work, type  X <return>  to quit.


LaTeX Warning: File `E:/18ICTCSE039 report/obtuse.png' not found on input line 
89.


! Package pdftex.def Error: File `E:/18ICTCSE039 report/obtuse.png' not found: 
using draft setting.

See the pdftex.def package documentation for explanation.
Type  H <return>  for immediate help.
 ...                                              
                                                  
l.89 ...t=1.5in]{E:/18ICTCSE039 report/obtuse.png}
                                                  
Try typing  <return>  to proceed.
If that doesn't work, type  X <return>  to quit.


LaTeX Warning: File `E:/18ICTCSE039 report/rignt-triangle.png' not found on inp
ut line 90.


! Package pdftex.def Error: File `E:/18ICTCSE039 report/rignt-triangle.png' not
 found: using draft setting.

See the pdftex.def package documentation for explanation.
Type  H <return>  for immediate help.
 ...                                              
                                                  
l.90 ...{E:/18ICTCSE039 report/rignt-triangle.png}
                                                  
Try typing  <return>  to proceed.
If that doesn't work, type  X <return>  to quit.


LaTeX Warning: File `E:/18ICTCSE039 report/scalene.png' not found on input line
 91.


! Package pdftex.def Error: File `E:/18ICTCSE039 report/scalene.png' not found:
 using draft setting.

See the pdftex.def package documentation for explanation.
Type  H <return>  for immediate help.
 ...                                              
                                                  
l.91 ...=1.5in]{E:/18ICTCSE039 report/scalene.png}
                                                  
Try typing  <return>  to proceed.
If that doesn't work, type  X <return>  to quit.


Underfull \hbox (badness 6063) in paragraph at lines 87--92
[][] [] []
 []

[6]

! Package inputenc Error: Unicode character ∘ (U+2218)
(inputenc)                not set up for use with LaTeX.

See the inputenc package documentation for explanation.
Type  H <return>  for immediate help.
 ...                                              
                                                  
l.96 ...has one of the three angles equal to 90∘
                                                   and this angle is demonst...

You may provide a definition with
\DeclareUnicodeCharacter 


LaTeX Warning: File `G:/somokoni-tribhuj.jpg' not found on input line 98.


! Package pdftex.def Error: File `G:/somokoni-tribhuj.jpg' not found: using dra
ft setting.

See the pdftex.def package documentation for explanation.
Type  H <return>  for immediate help.
 ...                                              
                                                  
l.98 ...ics[height=2.5in]{G:/somokoni-tribhuj.jpg}
                                                  
Try typing  <return>  to proceed.
If that doesn't work, type  X <return>  to quit.


Underfull \hbox (badness 10000) in paragraph at lines 103--104

 []


Underfull \hbox (badness 10000) in paragraph at lines 104--105

 []


Underfull \hbox (badness 10000) in paragraph at lines 105--106

 []


Underfull \hbox (badness 10000) in paragraph at lines 106--107

 []


Underfull \hbox (badness 10000) in paragraph at lines 107--108

 []

[7] [8]
Underfull \hbox (badness 10000) in paragraph at lines 121--126

 []


Underfull \hbox (badness 10000) in paragraph at lines 121--126

 []

[9]

LaTeX Warning: File `E:/18ICTCSE039 report/calculus.jpg' not found on input lin
e 136.


! Package pdftex.def Error: File `E:/18ICTCSE039 report/calculus.jpg' not found
: using draft setting.

See the pdftex.def package documentation for explanation.
Type  H <return>  for immediate help.
 ...                                              
                                                  
l.136 ....5in]{E:/18ICTCSE039 report/calculus.jpg}
                                                  
Try typing  <return>  to proceed.
If that doesn't work, type  X <return>  to quit.


Underfull \hbox (badness 10000) in paragraph at lines 139--142

 []

[10] (./reportlatex.aux) ) 
Here is how much of TeX's memory you used:
 1418 strings out of 481248
 24194 string characters out of 5922089
 253178 words of memory out of 5000000
 16677 multiletter control sequences out of 15000+600000
 535533 words of font info for 35 fonts, out of 8000000 for 9000
 1141 hyphenation exceptions out of 8191
 30i,8n,25p,954b,249s stack positions out of 5000i,500n,10000p,200000b,80000s
<c:/texlive/2019/texmf-dist/fonts/type1/public/amsfon
ts/cm/cmbx10.pfb><c:/texlive/2019/texmf-dist/fonts/type1/public/amsfonts/cm/cmb
x12.pfb><c:/texlive/2019/texmf-dist/fonts/type1/public/amsfonts/cm/cmcsc10.pfb>
<c:/texlive/2019/texmf-dist/fonts/type1/public/amsfonts/cm/cmmi10.pfb><c:/texli
ve/2019/texmf-dist/fonts/type1/public/amsfonts/cm/cmr10.pfb><c:/texlive/2019/te
xmf-dist/fonts/type1/public/amsfonts/cm/cmr7.pfb><c:/texlive/2019/texmf-dist/fo
nts/type1/public/amsfonts/cm/cmtt10.pfb>
Output written on reportlatex.pdf (12 pages, 115046 bytes).
PDF statistics:
 71 PDF objects out of 1000 (max. 8388607)
 49 compressed objects within 1 object stream
 0 named destinations out of 1000 (max. 500000)
 1 words of extra memory for PDF output out of 10000 (max. 10000000)

