\BOOKMARK [0][-]{chapter.1}{}{}% 1
\BOOKMARK [1][-]{section.1.1}{Introduction}{chapter.1}% 2
\BOOKMARK [0][-]{chapter.2}{}{}% 3
\BOOKMARK [1][-]{section.2.1}{definition: }{chapter.2}% 4
\BOOKMARK [2][-]{subsection.2.1.1}{Types of Graphs : }{section.2.1}% 5
\BOOKMARK [1][-]{section.2.2}{graph Details:}{chapter.2}% 6
\BOOKMARK [2][-]{subsection.2.2.1}{blueDirected Graph :}{section.2.2}% 7
\BOOKMARK [2][-]{subsection.2.2.2}{blueBipartite Graph :}{section.2.2}% 8
\BOOKMARK [2][-]{subsection.2.2.3}{blueUndirected Graph :}{section.2.2}% 9
\BOOKMARK [0][-]{chapter.3}{blueHistory of Graph theory :}{}% 10
\BOOKMARK [1][-]{section.3.1}{Father of Graph Theory :}{chapter.3}% 11
\BOOKMARK [2][-]{subsection.3.1.1}{blue Biography :}{section.3.1}% 12
\BOOKMARK [2][-]{subsection.3.1.2}{blue The Birth of Graph Theory:}{section.3.1}% 13
\BOOKMARK [0][-]{chapter.4}{Application}{}% 14
\BOOKMARK [1][-]{section.4.1}{Several Application}{chapter.4}% 15
\BOOKMARK [2][-]{subsection.4.1.1}{tealThe Cantor-Schr\366der-Bernstein Theorem:}{section.4.1}% 16
\BOOKMARK [2][-]{subsection.4.1.2}{blue Computer science:}{section.4.1}% 17
\BOOKMARK [2][-]{subsection.4.1.3}{blue Linguistics:}{section.4.1}% 18
\BOOKMARK [2][-]{subsection.4.1.4}{bluePhysics and Chemistry:}{section.4.1}% 19
\BOOKMARK [2][-]{subsection.4.1.5}{blueSocial sciences:}{section.4.1}% 20
