This is pdfTeX, Version 3.14159265-2.6-1.40.17 (MiKTeX 2.9) (preloaded format=pdflatex 2019.9.5)  23 JAN 2020 11:26
entering extended mode
**./18ICTCSE020.tex
(18ICTCSE020.tex
LaTeX2e <2016/03/31> patch level 3
Babel <3.9r> and hyphenation patterns for 75 language(s) loaded.
("C:\Program Files (x86)\MiKTeX 2.9\tex\latex\base\article.cls"
Document Class: article 2014/09/29 v1.4h Standard LaTeX document class
("C:\Program Files (x86)\MiKTeX 2.9\tex\latex\base\size10.clo"
File: size10.clo 2014/09/29 v1.4h Standard LaTeX file (size option)
)
\c@part=\count79
\c@section=\count80
\c@subsection=\count81
\c@subsubsection=\count82
\c@paragraph=\count83
\c@subparagraph=\count84
\c@figure=\count85
\c@table=\count86
\abovecaptionskip=\skip41
\belowcaptionskip=\skip42
\bibindent=\dimen102
)
(18ICTCSE020.aux)
\openout1 = `18ICTCSE020.aux'.

LaTeX Font Info:    Checking defaults for OML/cmm/m/it on input line 4.
LaTeX Font Info:    ... okay on input line 4.
LaTeX Font Info:    Checking defaults for T1/cmr/m/n on input line 4.
LaTeX Font Info:    ... okay on input line 4.
LaTeX Font Info:    Checking defaults for OT1/cmr/m/n on input line 4.
LaTeX Font Info:    ... okay on input line 4.
LaTeX Font Info:    Checking defaults for OMS/cmsy/m/n on input line 4.
LaTeX Font Info:    ... okay on input line 4.
LaTeX Font Info:    Checking defaults for OMX/cmex/m/n on input line 4.
LaTeX Font Info:    ... okay on input line 4.
LaTeX Font Info:    Checking defaults for U/cmr/m/n on input line 4.
LaTeX Font Info:    ... okay on input line 4.

Overfull \hbox (55.0pt too wide) in paragraph at lines 10--10
 | 
 []

[1

{C:/ProgramData/MiKTeX/2.9/pdftex/config/pdftex.map}]
Underfull \hbox (badness 10000) in paragraph at lines 25--26

 []


Underfull \hbox (badness 10000) in paragraph at lines 27--30

 []


Underfull \hbox (badness 10000) in paragraph at lines 38--40

 []

[1]
Underfull \hbox (badness 10000) in paragraph at lines 41--44

 []


Underfull \hbox (badness 10000) in paragraph at lines 52--53

 []


Overfull \hbox (1.6755pt too wide) in paragraph at lines 54--55
[]\OT1/cmr/m/n/20.74 There are two fun-da-men-tal of Di-vide and
 []


Underfull \hbox (badness 10000) in paragraph at lines 60--62

 []

[2]
Overfull \hbox (16.12546pt too wide) in paragraph at lines 62--64
[]\OT1/cmr/bx/n/20.74 Stopping Con-di-tion: \OT1/cmr/m/n/20.74 When we break
 []


Overfull \hbox (10.7004pt too wide) in paragraph at lines 62--64
\OT1/cmr/m/n/20.74 the prob-lem us-ing Di-vide Con-quer Strat-
 []


Overfull \hbox (12.49239pt too wide) in paragraph at lines 62--64
\OT1/cmr/m/n/20.74 Con-quer.So the con-di-tion where the need
 []


Underfull \hbox (badness 10000) in paragraph at lines 62--64

 []


Underfull \hbox (badness 10000) in paragraph at lines 65--69

 []


Underfull \hbox (badness 10000) in paragraph at lines 65--69

 []

[3]
Underfull \hbox (badness 10000) in paragraph at lines 80--86

 []


Underfull \hbox (badness 10000) in paragraph at lines 80--86

 []


Underfull \hbox (badness 10000) in paragraph at lines 80--86

 []


Underfull \hbox (badness 10000) in paragraph at lines 80--86

 []

Missing character: There is no ‚ in font cmr17!
Missing character: There is no Ü in font cmr17!
Missing character: There is no í in font cmr17!
Missing character: There is no ‚ in font cmr17!
Missing character: There is no Ü in font cmr17!
Missing character: There is no ê in font cmr17!
[4]
LaTeX Font Info:    External font `cmex10' loaded for size
(Font)              <20.74> on input line 111.
LaTeX Font Info:    External font `cmex10' loaded for size
(Font)              <14.4> on input line 111.
LaTeX Font Info:    External font `cmex10' loaded for size
(Font)              <12> on input line 111.
LaTeX Font Info:    Try loading font information for OMS+cmr on input line 126.

 ("C:\Program Files (x86)\MiKTeX 2.9\tex\latex\base\omscmr.fd"
File: omscmr.fd 2014/09/29 v2.5h Standard LaTeX font definitions
)
LaTeX Font Info:    Font shape `OMS/cmr/m/n' in size <20.74> not available
(Font)              Font shape `OMS/cmsy/m/n' tried instead on input line 126.

Underfull \hbox (badness 10000) in paragraph at lines 103--134

 []


Underfull \hbox (badness 10000) in paragraph at lines 103--134

 []


Underfull \hbox (badness 10000) in paragraph at lines 103--134

 []


Underfull \hbox (badness 10000) in paragraph at lines 103--134

 []


Underfull \hbox (badness 10000) in paragraph at lines 103--134

 []


Overfull \hbox (8.26224pt too wide) in paragraph at lines 103--134
\OT1/cmr/m/n/20.74 el-e-ments/items. (Time is mea-sured in units
 []


Underfull \hbox (badness 10000) in paragraph at lines 103--134

 []


Underfull \hbox (badness 10000) in paragraph at lines 103--134

 []


Underfull \hbox (badness 10000) in paragraph at lines 103--134

 []


Underfull \hbox (badness 10000) in paragraph at lines 103--134

 []


Underfull \hbox (badness 10000) in paragraph at lines 103--134

 []


Underfull \hbox (badness 10000) in paragraph at lines 103--134

 []


Underfull \hbox (badness 10000) in paragraph at lines 103--134

 []


Underfull \hbox (badness 10000) in paragraph at lines 103--134

 []


Underfull \hbox (badness 10000) in paragraph at lines 103--134

 []


Underfull \hbox (badness 10000) in paragraph at lines 103--134

 []

[5] [6]
Underfull \hbox (badness 10000) in paragraph at lines 135--150

 []


Underfull \hbox (badness 10000) in paragraph at lines 135--150

 []


Underfull \hbox (badness 10000) in paragraph at lines 135--150

 []


Underfull \hbox (badness 10000) in paragraph at lines 135--150

 []


Underfull \hbox (badness 10000) in paragraph at lines 135--150

 []

[7]
Underfull \hbox (badness 10000) in paragraph at lines 151--153

 []


Underfull \hbox (badness 10000) in paragraph at lines 151--153

 []

[8]
Underfull \hbox (badness 10000) in paragraph at lines 154--166

 []


Underfull \hbox (badness 10000) in paragraph at lines 154--166

 []


Underfull \hbox (badness 10000) in paragraph at lines 154--166

 []


Underfull \hbox (badness 10000) in paragraph at lines 154--166

 []


Underfull \hbox (badness 10000) in paragraph at lines 154--166

 []


Underfull \hbox (badness 10000) in paragraph at lines 154--166

 []


Underfull \hbox (badness 10000) in paragraph at lines 154--166

 []

[9]
Underfull \hbox (badness 10000) in paragraph at lines 167--173

 []


Underfull \hbox (badness 10000) in paragraph at lines 167--173

 []


Underfull \hbox (badness 10000) in paragraph at lines 167--173

 []


Underfull \hbox (badness 10000) in paragraph at lines 174--176

 []

[10] (18ICTCSE020.aux) ) 
Here is how much of TeX's memory you used:
 240 strings out of 493334
 2748 string characters out of 3136676
 57242 words of memory out of 3000000
 3848 multiletter control sequences out of 15000+200000
 6995 words of font info for 25 fonts, out of 3000000 for 9000
 1141 hyphenation exceptions out of 8191
 23i,5n,17p,392b,188s stack positions out of 5000i,500n,10000p,200000b,50000s
<C:/Program Files (x86)/MiKTeX 2.9/fonts/type1/public/a
msfonts/cm/cmbx12.pfb><C:/Program Files (x86)/MiKTeX 2.9/fonts/type1/public/ams
fonts/cm/cmmi12.pfb><C:/Program Files (x86)/MiKTeX 2.9/fonts/type1/public/amsfo
nts/cm/cmr10.pfb><C:/Program Files (x86)/MiKTeX 2.9/fonts/type1/public/amsfonts
/cm/cmr12.pfb><C:/Program Files (x86)/MiKTeX 2.9/fonts/type1/public/amsfonts/cm
/cmr17.pfb><C:/Program Files (x86)/MiKTeX 2.9/fonts/type1/public/amsfonts/cm/cm
sy10.pfb>
Output written on 18ICTCSE020.pdf (11 pages, 86609 bytes).
PDF statistics:
 62 PDF objects out of 1000 (max. 8388607)
 0 named destinations out of 1000 (max. 500000)
 1 words of extra memory for PDF output out of 10000 (max. 10000000)

